[2019-03-22T16:28:18.636] [TRACE] test - this is trace
[2019-03-22T16:28:18.644] [DEBUG] test - this is debug
[2019-03-22T16:28:18.645] [INFO] test - this is info
[2019-03-22T16:28:18.645] [WARN] test - this is warn
[2019-03-22T16:28:18.646] [ERROR] test - this is error
[2019-03-22T16:28:18.646] [FATAL] test - this is fatal
[2019-03-22T16:30:42.949] [TRACE] default - this is trace
[2019-03-22T16:30:42.956] [DEBUG] default - this is debug
[2019-03-22T16:30:42.957] [INFO] default - this is info
[2019-03-22T16:30:42.957] [WARN] default - this is warn
[2019-03-22T16:30:42.957] [ERROR] default - this is error
[2019-03-22T16:30:42.958] [FATAL] default - this is fatal
[2019-03-22T16:35:32.725] [TRACE] default - this is trace
[2019-03-22T16:35:32.728] [DEBUG] default - this is debug
[2019-03-22T16:35:32.729] [INFO] default - this is info
[2019-03-22T16:35:32.729] [WARN] default - this is warn
[2019-03-22T16:35:32.730] [ERROR] default - this is error
[2019-03-22T16:35:32.730] [FATAL] default - this is fatal
[2019-03-22T16:47:11.512] [TRACE] test - this is trace
[2019-03-22T16:47:11.515] [DEBUG] test - this is debug
[2019-03-22T16:47:11.516] [INFO] test - this is info
[2019-03-22T16:47:11.516] [WARN] test - this is warn
[2019-03-22T16:47:11.516] [ERROR] test - this is error
[2019-03-22T16:47:11.517] [FATAL] test - this is fatal
[2019-03-22T16:49:30.391] [ERROR] test - this is error
[2019-03-22T16:49:30.408] [FATAL] test - this is fatal
[2019-03-22T16:53:56.145] [INFO] test - this is info
[2019-03-22T16:53:56.157] [WARN] test - this is warn
[2019-03-22T16:53:56.158] [ERROR] test - this is error
[2019-03-22T16:53:56.159] [FATAL] test - this is fatal
[2019-03-22T17:31:17.554] [TRACE] test - this is trace
[2019-03-22T17:31:17.557] [DEBUG] test - this is debug
[2019-03-22T17:31:17.558] [INFO] test - this is info
[2019-03-22T17:31:17.559] [WARN] test - this is warn
[2019-03-22T17:31:17.559] [ERROR] test - this is error
[2019-03-22T17:31:17.560] [FATAL] test - this is fatal
[2019-03-22T17:31:53.304] [TRACE] test - this is trace
[2019-03-22T17:31:53.307] [DEBUG] test - this is debug
[2019-03-22T17:31:53.307] [INFO] test - this is info
[2019-03-22T17:31:53.307] [WARN] test - this is warn
[2019-03-22T17:31:53.307] [ERROR] test - this is error
[2019-03-22T17:31:53.308] [FATAL] test - this is fatal
[2019-03-22T17:33:59.048] [TRACE] test - this is trace
[2019-03-22T17:33:59.051] [DEBUG] test - this is debug
[2019-03-22T17:33:59.052] [INFO] test - this is info
[2019-03-22T17:33:59.052] [WARN] test - this is warn
[2019-03-22T17:33:59.052] [ERROR] test - this is error
[2019-03-22T17:33:59.053] [FATAL] test - this is fatal
